Requirement already satisfied: fastapi>=0.104.1 in c:\users\sreek\onedrive\desktop\iot_project\ecosync\backend\venv\lib\site-packages (from -r requirements.txt (line 1)) (0.128.0)
Requirement already satisfied: uvicorn>=0.24.0 in c:\users\sreek\onedrive\desktop\iot_project\ecosync\backend\venv\lib\site-packages (from -r requirements.txt (line 2)) (0.40.0)
Requirement already satisfied: sqlalchemy>=2.0.23 in c:\users\sreek\onedrive\desktop\iot_project\ecosync\backend\venv\lib\site-packages (from -r requirements.txt (line 3)) (2.0.46)
Requirement already satisfied: psycopg2-binary>=2.9.9 in c:\users\sreek\onedrive\desktop\iot_project\ecosync\backend\venv\lib\site-packages (from -r requirements.txt (line 4)) (2.9.11)
Requirement already satisfied: pydantic>=2.5.0 in c:\users\sreek\onedrive\desktop\iot_project\ecosync\backend\venv\lib\site-packages (from -r requirements.txt (line 5)) (2.12.5)
Requirement already satisfied: python-multipart>=0.0.6 in c:\users\sreek\onedrive\desktop\iot_project\ecosync\backend\venv\lib\site-packages (from -r requirements.txt (line 6)) (0.0.22)
Requirement already satisfied: python-jose>=3.3.0 in c:\users\sreek\onedrive\desktop\iot_project\ecosync\backend\venv\lib\site-packages (from python-jose[cryptography]>=3.3.0->-r requirements.txt (line 7)) (3.5.0)
Requirement already satisfied: passlib>=1.7.4 in c:\users\sreek\onedrive\desktop\iot_project\ecosync\backend\venv\lib\site-packages (from passlib[bcrypt]>=1.7.4->-r requirements.txt (line 8)) (1.7.4)
Requirement already satisfied: python-dotenv>=1.0.0 in c:\users\sreek\onedrive\desktop\iot_project\ecosync\backend\venv\lib\site-packages (from -r requirements.txt (line 9)) (1.2.1)
Requirement already satisfied: websockets>=12.0 in c:\users\sreek\onedrive\desktop\iot_project\ecosync\backend\venv\lib\site-packages (from -r requirements.txt (line 10)) (16.0)
Requirement already satisfied: python-socketio>=5.10.0 in c:\users\sreek\onedrive\desktop\iot_project\ecosync\backend\venv\lib\site-packages (from -r requirements.txt (line 11)) (5.16.0)
Requirement already satisfied: email-validator>=2.1.0 in c:\users\sreek\onedrive\desktop\iot_project\ecosync\backend\venv\lib\site-packages (from -r requirements.txt (line 12)) (2.3.0)
Collecting httpx>=0.27.0 (from -r requirements.txt (line 13))
  Using cached httpx-0.28.1-py3-none-any.whl.metadata (7.1 kB)
Collecting google-generativeai>=0.3.0 (from -r requirements.txt (line 14))
  Using cached google_generativeai-0.8.6-py3-none-any.whl.metadata (3.9 kB)
Collecting pywebpush>=1.18.0 (from -r requirements.txt (line 15))
  Using cached pywebpush-2.2.0-py3-none-any.whl.metadata (9.7 kB)
Collecting numpy>=1.24.0 (from -r requirements.txt (line 16))
  Downloading numpy-2.4.2-cp313-cp313-win_amd64.whl.metadata (6.6 kB)
Collecting scikit-learn>=1.3.0 (from -r requirements.txt (line 17))
  Using cached scikit_learn-1.8.0-cp313-cp313-win_amd64.whl.metadata (11 kB)
Collecting filterpy>=1.4.5 (from -r requirements.txt (line 18))
  Using cached filterpy-1.4.5-py3-none-any.whl
Collecting pyjwt>=2.8.0 (from -r requirements.txt (line 19))
  Downloading pyjwt-2.11.0-py3-none-any.whl.metadata (4.0 kB)
Collecting requests>=2.31.0 (from -r requirements.txt (line 20))
  Using cached requests-2.32.5-py3-none-any.whl.metadata (4.9 kB)
Requirement already satisfied: starlette<0.51.0,>=0.40.0 in c:\users\sreek\onedrive\desktop\iot_project\ecosync\backend\venv\lib\site-packages (from fastapi>=0.104.1->-r requirements.txt (line 1)) (0.50.0)
Requirement already satisfied: typing-extensions>=4.8.0 in c:\users\sreek\onedrive\desktop\iot_project\ecosync\backend\venv\lib\site-packages (from fastapi>=0.104.1->-r requirements.txt (line 1)) (4.15.0)
Requirement already satisfied: annotated-doc>=0.0.2 in c:\users\sreek\onedrive\desktop\iot_project\ecosync\backend\venv\lib\site-packages (from fastapi>=0.104.1->-r requirements.txt (line 1)) (0.0.4)
Requirement already satisfied: anyio<5,>=3.6.2 in c:\users\sreek\onedrive\desktop\iot_project\ecosync\backend\venv\lib\site-packages (from starlette<0.51.0,>=0.40.0->fastapi>=0.104.1->-r requirements.txt (line 1)) (4.12.1)
Requirement already satisfied: idna>=2.8 in c:\users\sreek\onedrive\desktop\iot_project\ecosync\backend\venv\lib\site-packages (from anyio<5,>=3.6.2->starlette<0.51.0,>=0.40.0->fastapi>=0.104.1->-r requirements.txt (line 1)) (3.11)
Requirement already satisfied: click>=7.0 in c:\users\sreek\onedrive\desktop\iot_project\ecosync\backend\venv\lib\site-packages (from uvicorn>=0.24.0->-r requirements.txt (line 2)) (8.3.1)
Requirement already satisfied: h11>=0.8 in c:\users\sreek\onedrive\desktop\iot_project\ecosync\backend\venv\lib\site-packages (from uvicorn>=0.24.0->-r requirements.txt (line 2)) (0.16.0)
Requirement already satisfied: greenlet>=1 in c:\users\sreek\onedrive\desktop\iot_project\ecosync\backend\venv\lib\site-packages (from sqlalchemy>=2.0.23->-r requirements.txt (line 3)) (3.3.1)
Requirement already satisfied: annotated-types>=0.6.0 in c:\users\sreek\onedrive\desktop\iot_project\ecosync\backend\venv\lib\site-packages (from pydantic>=2.5.0->-r requirements.txt (line 5)) (0.7.0)
Requirement already satisfied: pydantic-core==2.41.5 in c:\users\sreek\onedrive\desktop\iot_project\ecosync\backend\venv\lib\site-packages (from pydantic>=2.5.0->-r requirements.txt (line 5)) (2.41.5)
Requirement already satisfied: typing-inspection>=0.4.2 in c:\users\sreek\onedrive\desktop\iot_project\ecosync\backend\venv\lib\site-packages (from pydantic>=2.5.0->-r requirements.txt (line 5)) (0.4.2)
Requirement already satisfied: ecdsa!=0.15 in c:\users\sreek\onedrive\desktop\iot_project\ecosync\backend\venv\lib\site-packages (from python-jose>=3.3.0->python-jose[cryptography]>=3.3.0->-r requirements.txt (line 7)) (0.19.1)
Requirement already satisfied: rsa!=4.1.1,!=4.4,<5.0,>=4.0 in c:\users\sreek\onedrive\desktop\iot_project\ecosync\backend\venv\lib\site-packages (from python-jose>=3.3.0->python-jose[cryptography]>=3.3.0->-r requirements.txt (line 7)) (4.9.1)
Requirement already satisfied: pyasn1>=0.5.0 in c:\users\sreek\onedrive\desktop\iot_project\ecosync\backend\venv\lib\site-packages (from python-jose>=3.3.0->python-jose[cryptography]>=3.3.0->-r requirements.txt (line 7)) (0.6.2)
Requirement already satisfied: bidict>=0.21.0 in c:\users\sreek\onedrive\desktop\iot_project\ecosync\backend\venv\lib\site-packages (from python-socketio>=5.10.0->-r requirements.txt (line 11)) (0.23.1)
Requirement already satisfied: python-engineio>=4.11.0 in c:\users\sreek\onedrive\desktop\iot_project\ecosync\backend\venv\lib\site-packages (from python-socketio>=5.10.0->-r requirements.txt (line 11)) (4.13.0)
Requirement already satisfied: dnspython>=2.0.0 in c:\users\sreek\onedrive\desktop\iot_project\ecosync\backend\venv\lib\site-packages (from email-validator>=2.1.0->-r requirements.txt (line 12)) (2.8.0)
Collecting certifi (from httpx>=0.27.0->-r requirements.txt (line 13))
  Using cached certifi-2026.1.4-py3-none-any.whl.metadata (2.5 kB)
Collecting httpcore==1.* (from httpx>=0.27.0->-r requirements.txt (line 13))
  Using cached httpcore-1.0.9-py3-none-any.whl.metadata (21 kB)
Collecting google-ai-generativelanguage==0.6.15 (from google-generativeai>=0.3.0->-r requirements.txt (line 14))
  Using cached google_ai_generativelanguage-0.6.15-py3-none-any.whl.metadata (5.7 kB)
Collecting google-api-core (from google-generativeai>=0.3.0->-r requirements.txt (line 14))
  Using cached google_api_core-2.29.0-py3-none-any.whl.metadata (3.3 kB)
Collecting google-api-python-client (from google-generativeai>=0.3.0->-r requirements.txt (line 14))
  Using cached google_api_python_client-2.188.0-py3-none-any.whl.metadata (7.0 kB)
Collecting google-auth>=2.15.0 (from google-generativeai>=0.3.0->-r requirements.txt (line 14))
  Using cached google_auth-2.48.0-py3-none-any.whl.metadata (6.2 kB)
Collecting protobuf (from google-generativeai>=0.3.0->-r requirements.txt (line 14))
  Downloading protobuf-6.33.5-cp310-abi3-win_amd64.whl.metadata (593 bytes)
Collecting tqdm (from google-generativeai>=0.3.0->-r requirements.txt (line 14))
  Using cached tqdm-4.67.2-py3-none-any.whl.metadata (57 kB)
Collecting google-auth>=2.15.0 (from google-generativeai>=0.3.0->-r requirements.txt (line 14))
  Using cached google_auth-2.49.0.dev0-py3-none-any.whl.metadata (6.0 kB)
Collecting proto-plus<2.0.0dev,>=1.22.3 (from google-ai-generativelanguage==0.6.15->google-generativeai>=0.3.0->-r requirements.txt (line 14))
  Using cached proto_plus-1.27.0-py3-none-any.whl.metadata (2.2 kB)
Collecting protobuf (from google-generativeai>=0.3.0->-r requirements.txt (line 14))
  Using cached protobuf-5.29.5-cp310-abi3-win_amd64.whl.metadata (592 bytes)
Collecting googleapis-common-protos<2.0.0,>=1.56.2 (from google-api-core->google-generativeai>=0.3.0->-r requirements.txt (line 14))
  Using cached googleapis_common_protos-1.72.0-py3-none-any.whl.metadata (9.4 kB)
Collecting charset_normalizer<4,>=2 (from requests>=2.31.0->-r requirements.txt (line 20))
  Using cached charset_normalizer-3.4.4-cp313-cp313-win_amd64.whl.metadata (38 kB)
Collecting urllib3<3,>=1.21.1 (from requests>=2.31.0->-r requirements.txt (line 20))
  Using cached urllib3-2.6.3-py3-none-any.whl.metadata (6.9 kB)
Collecting grpcio<2.0.0,>=1.33.2 (from google-api-core[grpc]!=2.0.*,!=2.1.*,!=2.10.*,!=2.2.*,!=2.3.*,!=2.4.*,!=2.5.*,!=2.6.*,!=2.7.*,!=2.8.*,!=2.9.*,<3.0.0dev,>=1.34.1->google-ai-generativelanguage==0.6.15->google-generativeai>=0.3.0->-r requirements.txt (line 14))
  Using cached grpcio-1.76.0-cp313-cp313-win_amd64.whl.metadata (3.8 kB)
Collecting grpcio-status<2.0.0,>=1.33.2 (from google-api-core[grpc]!=2.0.*,!=2.1.*,!=2.10.*,!=2.2.*,!=2.3.*,!=2.4.*,!=2.5.*,!=2.6.*,!=2.7.*,!=2.8.*,!=2.9.*,<3.0.0dev,>=1.34.1->google-ai-generativelanguage==0.6.15->google-generativeai>=0.3.0->-r requirements.txt (line 14))
  Using cached grpcio_status-1.76.0-py3-none-any.whl.metadata (1.1 kB)
Collecting pyasn1-modules>=0.2.1 (from google-auth>=2.15.0->google-generativeai>=0.3.0->-r requirements.txt (line 14))
  Using cached pyasn1_modules-0.4.2-py3-none-any.whl.metadata (3.5 kB)
Requirement already satisfied: cryptography>=38.0.3 in c:\users\sreek\onedrive\desktop\iot_project\ecosync\backend\venv\lib\site-packages (from google-auth>=2.15.0->google-generativeai>=0.3.0->-r requirements.txt (line 14)) (46.0.4)
INFO: pip is looking at multiple versions of grpcio-status to determine which version is compatible with other requirements. This could take a while.
Collecting grpcio-status<2.0.0,>=1.33.2 (from google-api-core[grpc]!=2.0.*,!=2.1.*,!=2.10.*,!=2.2.*,!=2.3.*,!=2.4.*,!=2.5.*,!=2.6.*,!=2.7.*,!=2.8.*,!=2.9.*,<3.0.0dev,>=1.34.1->google-ai-generativelanguage==0.6.15->google-generativeai>=0.3.0->-r requirements.txt (line 14))
  Using cached grpcio_status-1.75.1-py3-none-any.whl.metadata (1.1 kB)
  Using cached grpcio_status-1.75.0-py3-none-any.whl.metadata (1.1 kB)
  Using cached grpcio_status-1.74.0-py3-none-any.whl.metadata (1.1 kB)
  Using cached grpcio_status-1.73.1-py3-none-any.whl.metadata (1.1 kB)
  Using cached grpcio_status-1.73.0-py3-none-any.whl.metadata (1.1 kB)
  Using cached grpcio_status-1.72.2-py3-none-any.whl.metadata (1.1 kB)
  Using cached grpcio_status-1.72.1-py3-none-any.whl.metadata (1.1 kB)
INFO: pip is still looking at multiple versions of grpcio-status to determine which version is compatible with other requirements. This could take a while.
  Using cached grpcio_status-1.71.2-py3-none-any.whl.metadata (1.1 kB)
Collecting aiohttp (from pywebpush>=1.18.0->-r requirements.txt (line 15))
  Using cached aiohttp-3.13.3-cp313-cp313-win_amd64.whl.metadata (8.4 kB)
Collecting http-ece>=1.1.0 (from pywebpush>=1.18.0->-r requirements.txt (line 15))
  Using cached http_ece-1.2.1-py2.py3-none-any.whl
Requirement already satisfied: six>=1.15.0 in c:\users\sreek\onedrive\desktop\iot_project\ecosync\backend\venv\lib\site-packages (from pywebpush>=1.18.0->-r requirements.txt (line 15)) (1.17.0)
Collecting py-vapid>=1.7.0 (from pywebpush>=1.18.0->-r requirements.txt (line 15))
  Using cached py_vapid-1.9.4-py2.py3-none-any.whl.metadata (4.6 kB)
Collecting scipy>=1.10.0 (from scikit-learn>=1.3.0->-r requirements.txt (line 17))
  Using cached scipy-1.17.0-cp313-cp313-win_amd64.whl.metadata (60 kB)
Collecting joblib>=1.3.0 (from scikit-learn>=1.3.0->-r requirements.txt (line 17))
  Using cached joblib-1.5.3-py3-none-any.whl.metadata (5.5 kB)
Collecting threadpoolctl>=3.2.0 (from scikit-learn>=1.3.0->-r requirements.txt (line 17))
  Using cached threadpoolctl-3.6.0-py3-none-any.whl.metadata (13 kB)
Collecting matplotlib (from filterpy>=1.4.5->-r requirements.txt (line 18))
  Using cached matplotlib-3.10.8-cp313-cp313-win_amd64.whl.metadata (52 kB)
Requirement already satisfied: colorama in c:\users\sreek\onedrive\desktop\iot_project\ecosync\backend\venv\lib\site-packages (from click>=7.0->uvicorn>=0.24.0->-r requirements.txt (line 2)) (0.4.6)
Requirement already satisfied: cffi>=2.0.0 in c:\users\sreek\onedrive\desktop\iot_project\ecosync\backend\venv\lib\site-packages (from cryptography>=38.0.3->google-auth>=2.15.0->google-generativeai>=0.3.0->-r requirements.txt (line 14)) (2.0.0)
Requirement already satisfied: pycparser in c:\users\sreek\onedrive\desktop\iot_project\ecosync\backend\venv\lib\site-packages (from cffi>=2.0.0->cryptography>=38.0.3->google-auth>=2.15.0->google-generativeai>=0.3.0->-r requirements.txt (line 14)) (3.0)
Requirement already satisfied: bcrypt>=3.1.0 in c:\users\sreek\onedrive\desktop\iot_project\ecosync\backend\venv\lib\site-packages (from passlib[bcrypt]>=1.7.4->-r requirements.txt (line 8)) (5.0.0)
Requirement already satisfied: simple-websocket>=0.10.0 in c:\users\sreek\onedrive\desktop\iot_project\ecosync\backend\venv\lib\site-packages (from python-engineio>=4.11.0->python-socketio>=5.10.0->-r requirements.txt (line 11)) (1.1.0)
Requirement already satisfied: wsproto in c:\users\sreek\onedrive\desktop\iot_project\ecosync\backend\venv\lib\site-packages (from simple-websocket>=0.10.0->python-engineio>=4.11.0->python-socketio>=5.10.0->-r requirements.txt (line 11)) (1.3.2)
Collecting aiohappyeyeballs>=2.5.0 (from aiohttp->pywebpush>=1.18.0->-r requirements.txt (line 15))
  Using cached aiohappyeyeballs-2.6.1-py3-none-any.whl.metadata (5.9 kB)
Collecting aiosignal>=1.4.0 (from aiohttp->pywebpush>=1.18.0->-r requirements.txt (line 15))
  Using cached aiosignal-1.4.0-py3-none-any.whl.metadata (3.7 kB)
Collecting attrs>=17.3.0 (from aiohttp->pywebpush>=1.18.0->-r requirements.txt (line 15))
  Using cached attrs-25.4.0-py3-none-any.whl.metadata (10 kB)
Collecting frozenlist>=1.1.1 (from aiohttp->pywebpush>=1.18.0->-r requirements.txt (line 15))
  Using cached frozenlist-1.8.0-cp313-cp313-win_amd64.whl.metadata (21 kB)
Collecting multidict<7.0,>=4.5 (from aiohttp->pywebpush>=1.18.0->-r requirements.txt (line 15))
  Using cached multidict-6.7.1-cp313-cp313-win_amd64.whl.metadata (5.5 kB)
Collecting propcache>=0.2.0 (from aiohttp->pywebpush>=1.18.0->-r requirements.txt (line 15))
  Using cached propcache-0.4.1-cp313-cp313-win_amd64.whl.metadata (14 kB)
Collecting yarl<2.0,>=1.17.0 (from aiohttp->pywebpush>=1.18.0->-r requirements.txt (line 15))
  Using cached yarl-1.22.0-cp313-cp313-win_amd64.whl.metadata (77 kB)
Collecting httplib2<1.0.0,>=0.19.0 (from google-api-python-client->google-generativeai>=0.3.0->-r requirements.txt (line 14))
  Using cached httplib2-0.31.2-py3-none-any.whl.metadata (2.2 kB)
Collecting google-auth-httplib2<1.0.0,>=0.2.0 (from google-api-python-client->google-generativeai>=0.3.0->-r requirements.txt (line 14))
  Using cached google_auth_httplib2-0.3.0-py3-none-any.whl.metadata (3.1 kB)
Collecting uritemplate<5,>=3.0.1 (from google-api-python-client->google-generativeai>=0.3.0->-r requirements.txt (line 14))
  Using cached uritemplate-4.2.0-py3-none-any.whl.metadata (2.6 kB)
Collecting pyparsing<4,>=3.1 (from httplib2<1.0.0,>=0.19.0->google-api-python-client->google-generativeai>=0.3.0->-r requirements.txt (line 14))
  Using cached pyparsing-3.3.2-py3-none-any.whl.metadata (5.8 kB)
Collecting contourpy>=1.0.1 (from matplotlib->filterpy>=1.4.5->-r requirements.txt (line 18))
  Using cached contourpy-1.3.3-cp313-cp313-win_amd64.whl.metadata (5.5 kB)
Collecting cycler>=0.10 (from matplotlib->filterpy>=1.4.5->-r requirements.txt (line 18))
  Using cached cycler-0.12.1-py3-none-any.whl.metadata (3.8 kB)
Collecting fonttools>=4.22.0 (from matplotlib->filterpy>=1.4.5->-r requirements.txt (line 18))
  Using cached fonttools-4.61.1-cp313-cp313-win_amd64.whl.metadata (116 kB)
Collecting kiwisolver>=1.3.1 (from matplotlib->filterpy>=1.4.5->-r requirements.txt (line 18))
  Using cached kiwisolver-1.4.9-cp313-cp313-win_amd64.whl.metadata (6.4 kB)
Collecting packaging>=20.0 (from matplotlib->filterpy>=1.4.5->-r requirements.txt (line 18))
  Using cached packaging-26.0-py3-none-any.whl.metadata (3.3 kB)
Collecting pillow>=8 (from matplotlib->filterpy>=1.4.5->-r requirements.txt (line 18))
  Using cached pillow-12.1.0-cp313-cp313-win_amd64.whl.metadata (9.0 kB)
Collecting python-dateutil>=2.7 (from matplotlib->filterpy>=1.4.5->-r requirements.txt (line 18))
  Using cached python_dateutil-2.9.0.post0-py2.py3-none-any.whl.metadata (8.4 kB)
Using cached httpx-0.28.1-py3-none-any.whl (73 kB)
Using cached httpcore-1.0.9-py3-none-any.whl (78 kB)
Using cached google_generativeai-0.8.6-py3-none-any.whl (155 kB)
Using cached google_ai_generativelanguage-0.6.15-py3-none-any.whl (1.3 MB)
Using cached google_api_core-2.29.0-py3-none-any.whl (173 kB)
Using cached requests-2.32.5-py3-none-any.whl (64 kB)
Using cached charset_normalizer-3.4.4-cp313-cp313-win_amd64.whl (107 kB)
Using cached google_auth-2.49.0.dev0-py3-none-any.whl (236 kB)
Using cached googleapis_common_protos-1.72.0-py3-none-any.whl (297 kB)
Using cached grpcio-1.76.0-cp313-cp313-win_amd64.whl (4.7 MB)
Using cached grpcio_status-1.71.2-py3-none-any.whl (14 kB)
Using cached proto_plus-1.27.0-py3-none-any.whl (50 kB)
Using cached protobuf-5.29.5-cp310-abi3-win_amd64.whl (434 kB)
Using cached urllib3-2.6.3-py3-none-any.whl (131 kB)
Using cached pywebpush-2.2.0-py3-none-any.whl (22 kB)
Downloading numpy-2.4.2-cp313-cp313-win_amd64.whl (12.3 MB)
   ---------------------------------------- 12.3/12.3 MB 5.4 MB/s  0:00:02
Using cached scikit_learn-1.8.0-cp313-cp313-win_amd64.whl (8.0 MB)
Downloading pyjwt-2.11.0-py3-none-any.whl (28 kB)
Using cached certifi-2026.1.4-py3-none-any.whl (152 kB)
Using cached joblib-1.5.3-py3-none-any.whl (309 kB)
Using cached py_vapid-1.9.4-py2.py3-none-any.whl (23 kB)
Using cached pyasn1_modules-0.4.2-py3-none-any.whl (181 kB)
Using cached scipy-1.17.0-cp313-cp313-win_amd64.whl (36.3 MB)
Using cached threadpoolctl-3.6.0-py3-none-any.whl (18 kB)
Using cached aiohttp-3.13.3-cp313-cp313-win_amd64.whl (453 kB)
Using cached multidict-6.7.1-cp313-cp313-win_amd64.whl (45 kB)
Using cached yarl-1.22.0-cp313-cp313-win_amd64.whl (86 kB)
Using cached aiohappyeyeballs-2.6.1-py3-none-any.whl (15 kB)
Using cached aiosignal-1.4.0-py3-none-any.whl (7.5 kB)
Using cached attrs-25.4.0-py3-none-any.whl (67 kB)
Using cached frozenlist-1.8.0-cp313-cp313-win_amd64.whl (43 kB)
Using cached propcache-0.4.1-cp313-cp313-win_amd64.whl (40 kB)
Using cached google_api_python_client-2.188.0-py3-none-any.whl (14.9 MB)
Using cached google_auth_httplib2-0.3.0-py3-none-any.whl (9.5 kB)
Using cached httplib2-0.31.2-py3-none-any.whl (91 kB)
Using cached pyparsing-3.3.2-py3-none-any.whl (122 kB)
Using cached uritemplate-4.2.0-py3-none-any.whl (11 kB)
Using cached matplotlib-3.10.8-cp313-cp313-win_amd64.whl (8.1 MB)
Using cached contourpy-1.3.3-cp313-cp313-win_amd64.whl (226 kB)
Using cached cycler-0.12.1-py3-none-any.whl (8.3 kB)
Using cached fonttools-4.61.1-cp313-cp313-win_amd64.whl (2.3 MB)
Using cached kiwisolver-1.4.9-cp313-cp313-win_amd64.whl (73 kB)
Using cached packaging-26.0-py3-none-any.whl (74 kB)
Using cached pillow-12.1.0-cp313-cp313-win_amd64.whl (7.0 MB)
Using cached python_dateutil-2.9.0.post0-py2.py3-none-any.whl (229 kB)
Using cached tqdm-4.67.2-py3-none-any.whl (78 kB)
Installing collected packages: urllib3, uritemplate, tqdm, threadpoolctl, python-dateutil, pyparsing, pyjwt, pyasn1-modules, protobuf, propcache, pillow, packaging, numpy, multidict, kiwisolver, joblib, grpcio, frozenlist, fonttools, cycler, charset_normalizer, certifi, attrs, aiohappyeyeballs, yarl, scipy, requests, proto-plus, httplib2, httpcore, googleapis-common-protos, contourpy, aiosignal, scikit-learn, py-vapid, matplotlib, httpx, http-ece, grpcio-status, google-auth, aiohttp, pywebpush, google-auth-httplib2, google-api-core, filterpy, google-api-python-client, google-ai-generativelanguage, google-generativeai

Successfully installed aiohappyeyeballs-2.6.1 aiohttp-3.13.3 aiosignal-1.4.0 attrs-25.4.0 certifi-2026.1.4 charset_normalizer-3.4.4 contourpy-1.3.3 cycler-0.12.1 filterpy-1.4.5 fonttools-4.61.1 frozenlist-1.8.0 google-ai-generativelanguage-0.6.15 google-api-core-2.29.0 google-api-python-client-2.188.0 google-auth-2.49.0.dev0 google-auth-httplib2-0.3.0 google-generativeai-0.8.6 googleapis-common-protos-1.72.0 grpcio-1.76.0 grpcio-status-1.71.2 http-ece-1.2.1 httpcore-1.0.9 httplib2-0.31.2 httpx-0.28.1 joblib-1.5.3 kiwisolver-1.4.9 matplotlib-3.10.8 multidict-6.7.1 numpy-2.4.2 packaging-26.0 pillow-12.1.0 propcache-0.4.1 proto-plus-1.27.0 protobuf-5.29.5 py-vapid-1.9.4 pyasn1-modules-0.4.2 pyjwt-2.11.0 pyparsing-3.3.2 python-dateutil-2.9.0.post0 pywebpush-2.2.0 requests-2.32.5 scikit-learn-1.8.0 scipy-1.17.0 threadpoolctl-3.6.0 tqdm-4.67.2 uritemplate-4.2.0 urllib3-2.6.3 yarl-1.22.0

[notice] A new release of pip is available: 25.2 -> 26.0
[notice] To update, run: python.exe -m pip install --upgrade pip
