Collecting fastapi==0.104.1 (from -r requirements.txt (line 1))
  Using cached fastapi-0.104.1-py3-none-any.whl.metadata (24 kB)
Collecting uvicorn==0.24.0 (from -r requirements.txt (line 2))
  Using cached uvicorn-0.24.0-py3-none-any.whl.metadata (6.4 kB)
Collecting sqlalchemy==2.0.23 (from -r requirements.txt (line 3))
  Using cached SQLAlchemy-2.0.23-py3-none-any.whl.metadata (9.6 kB)
Requirement already satisfied: psycopg2-binary>=2.9.9 in c:\users\sreek\onedrive\desktop\iot_project\ecosync\backend\venv\lib\site-packages (from -r requirements.txt (line 4)) (2.9.11)
Collecting pydantic==2.5.0 (from -r requirements.txt (line 5))
  Downloading pydantic-2.5.0-py3-none-any.whl.metadata (174 kB)
Collecting python-multipart==0.0.6 (from -r requirements.txt (line 6))
  Downloading python_multipart-0.0.6-py3-none-any.whl.metadata (2.5 kB)
Collecting python-jose==3.3.0 (from python-jose[cryptography]==3.3.0->-r requirements.txt (line 7))
  Downloading python_jose-3.3.0-py2.py3-none-any.whl.metadata (5.4 kB)
Collecting passlib==1.7.4 (from passlib[bcrypt]==1.7.4->-r requirements.txt (line 8))
  Using cached passlib-1.7.4-py2.py3-none-any.whl.metadata (1.7 kB)
Collecting python-dotenv==1.0.0 (from -r requirements.txt (line 9))
  Downloading python_dotenv-1.0.0-py3-none-any.whl.metadata (21 kB)
Collecting websockets==12.0 (from -r requirements.txt (line 10))
  Downloading websockets-12.0-py3-none-any.whl.metadata (6.6 kB)
Collecting python-socketio==5.10.0 (from -r requirements.txt (line 11))
  Downloading python_socketio-5.10.0-py3-none-any.whl.metadata (3.2 kB)
Collecting anyio<4.0.0,>=3.7.1 (from fastapi==0.104.1->-r requirements.txt (line 1))
  Downloading anyio-3.7.1-py3-none-any.whl.metadata (4.7 kB)
Collecting starlette<0.28.0,>=0.27.0 (from fastapi==0.104.1->-r requirements.txt (line 1))
  Downloading starlette-0.27.0-py3-none-any.whl.metadata (5.8 kB)
Collecting typing-extensions>=4.8.0 (from fastapi==0.104.1->-r requirements.txt (line 1))
  Using cached typing_extensions-4.15.0-py3-none-any.whl.metadata (3.3 kB)
Collecting annotated-types>=0.4.0 (from pydantic==2.5.0->-r requirements.txt (line 5))
  Using cached annotated_types-0.7.0-py3-none-any.whl.metadata (15 kB)
Collecting pydantic-core==2.14.1 (from pydantic==2.5.0->-r requirements.txt (line 5))
  Downloading pydantic_core-2.14.1.tar.gz (359 kB)
  Installing build dependencies: started
  Installing build dependencies: finished with status 'done'
  Getting requirements to build wheel: started
  Getting requirements to build wheel: finished with status 'done'
  Installing backend dependencies: started
  Installing backend dependencies: finished with status 'done'
  Preparing metadata (pyproject.toml): started
  Preparing metadata (pyproject.toml): finished with status 'error'
  error: subprocess-exited-with-error
  
  Preparing metadata (pyproject.toml) did not run successfully.
  exit code: 1
  
  [39 lines of output]
  Python reports SOABI: cp313-win_amd64
  Computed rustc target triple: x86_64-pc-windows-msvc
  Installation directory: C:\Users\sreek\AppData\Local\puccinialin\puccinialin\Cache
  Downloading rustup-init from https://static.rust-lang.org/rustup/dist/x86_64-pc-windows-msvc/rustup-init.exe
  Checking for Rust toolchain....
  Rust not found, installing into a temporary directory
  
  Downloading rustup-init:   0%|          | 0.00/13.6M [00:00<?, ?B/s]
  Downloading rustup-init:   5%|4         | 672k/13.6M [00:00<00:02, 5.92MB/s]
  Downloading rustup-init:  10%|#         | 1.38M/13.6M [00:00<00:02, 5.99MB/s]
  Downloading rustup-init:  16%|#5        | 2.11M/13.6M [00:00<00:01, 6.10MB/s]
  Downloading rustup-init:  21%|##        | 2.81M/13.6M [00:00<00:01, 6.23MB/s]
  Downloading rustup-init:  26%|##5       | 3.48M/13.6M [00:00<00:01, 6.34MB/s]
  Downloading rustup-init:  30%|###       | 4.12M/13.6M [00:00<00:01, 5.43MB/s]
  Downloading rustup-init:  35%|###4      | 4.69M/13.6M [00:00<00:01, 5.11MB/s]
  Downloading rustup-init:  38%|###8      | 5.21M/13.6M [00:00<00:01, 4.81MB/s]
  Downloading rustup-init:  43%|####2     | 5.77M/13.6M [00:01<00:01, 4.80MB/s]
  Downloading rustup-init:  48%|####7     | 6.50M/13.6M [00:01<00:01, 5.46MB/s]
  Downloading rustup-init:  52%|#####2    | 7.06M/13.6M [00:01<00:01, 5.06MB/s]
  Downloading rustup-init:  56%|#####5    | 7.59M/13.6M [00:01<00:01, 4.54MB/s]
  Downloading rustup-init:  59%|#####9    | 8.06M/13.6M [00:01<00:01, 4.43MB/s]
  Downloading rustup-init:  64%|######4   | 8.71M/13.6M [00:01<00:00, 4.94MB/s]
  Downloading rustup-init:  68%|######8   | 9.22M/13.6M [00:01<00:00, 4.79MB/s]
  Downloading rustup-init:  74%|#######3  | 9.99M/13.6M [00:01<00:00, 5.54MB/s]
  Downloading rustup-init:  78%|#######7  | 10.6M/13.6M [00:02<00:00, 4.99MB/s]
  Downloading rustup-init:  82%|########2 | 11.1M/13.6M [00:02<00:00, 4.88MB/s]
  Downloading rustup-init:  87%|########7 | 11.8M/13.6M [00:02<00:00, 4.87MB/s]
  Downloading rustup-init:  91%|######### | 12.3M/13.6M [00:02<00:00, 4.44MB/s]
  Downloading rustup-init:  94%|#########4| 12.8M/13.6M [00:02<00:00, 4.25MB/s]
  Downloading rustup-init:  97%|#########7| 13.2M/13.6M [00:02<00:00, 3.88MB/s]
  Downloading rustup-init: 100%|##########| 13.6M/13.6M [00:02<00:00, 4.84MB/s]
  Installing rust to C:\Users\sreek\AppData\Local\puccinialin\puccinialin\Cache\rustup
  warn: installing msvc toolchain without its prerequisites
  error: could not read metadata for file: 'C:\Users\sreek\AppData\Local\puccinialin\puccinialin\Cache\rustup-init\rustup-init.exe': The system cannot find the path specified. (os error 3)
  
  Cargo, the Rust package manager, is not installed or is not on PATH.
  This package requires Rust and Cargo to compile extensions. Install it through
  the system's package manager or via https://rustup.rs/
  
  [end of output]
  
  note: This error originates from a subprocess, and is likely not a problem with pip.

[notice] A new release of pip is available: 25.2 -> 26.0
[notice] To update, run: python.exe -m pip install --upgrade pip
error: metadata-generation-failed

Encountered error while generating package metadata.

See above for output.

note: This is an issue with the package mentioned above, not pip.
hint: See above for details.
