Collecting fastapi>=0.104.1 (from -r requirements.txt (line 1))
  Using cached fastapi-0.128.0-py3-none-any.whl.metadata (30 kB)
Collecting uvicorn>=0.24.0 (from -r requirements.txt (line 2))
  Using cached uvicorn-0.40.0-py3-none-any.whl.metadata (6.7 kB)
Collecting sqlalchemy>=2.0.23 (from -r requirements.txt (line 3))
  Using cached sqlalchemy-2.0.46-cp313-cp313-win_amd64.whl.metadata (9.8 kB)
Requirement already satisfied: psycopg2-binary>=2.9.9 in c:\users\sreek\onedrive\desktop\iot_project\ecosync\backend\venv\lib\site-packages (from -r requirements.txt (line 4)) (2.9.11)
Collecting pydantic>=2.5.0 (from -r requirements.txt (line 5))
  Using cached pydantic-2.12.5-py3-none-any.whl.metadata (90 kB)
Collecting python-multipart>=0.0.6 (from -r requirements.txt (line 6))
  Using cached python_multipart-0.0.22-py3-none-any.whl.metadata (1.8 kB)
Collecting python-jose>=3.3.0 (from python-jose[cryptography]>=3.3.0->-r requirements.txt (line 7))
  Using cached python_jose-3.5.0-py2.py3-none-any.whl.metadata (5.5 kB)
Collecting passlib>=1.7.4 (from passlib[bcrypt]>=1.7.4->-r requirements.txt (line 8))
  Using cached passlib-1.7.4-py2.py3-none-any.whl.metadata (1.7 kB)
Collecting python-dotenv>=1.0.0 (from -r requirements.txt (line 9))
  Using cached python_dotenv-1.2.1-py3-none-any.whl.metadata (25 kB)
Collecting websockets>=12.0 (from -r requirements.txt (line 10))
  Using cached websockets-16.0-cp313-cp313-win_amd64.whl.metadata (7.0 kB)
Collecting python-socketio>=5.10.0 (from -r requirements.txt (line 11))
  Downloading python_socketio-5.16.0-py3-none-any.whl.metadata (3.2 kB)
Collecting starlette<0.51.0,>=0.40.0 (from fastapi>=0.104.1->-r requirements.txt (line 1))
  Using cached starlette-0.50.0-py3-none-any.whl.metadata (6.3 kB)
Collecting typing-extensions>=4.8.0 (from fastapi>=0.104.1->-r requirements.txt (line 1))
  Using cached typing_extensions-4.15.0-py3-none-any.whl.metadata (3.3 kB)
Collecting annotated-doc>=0.0.2 (from fastapi>=0.104.1->-r requirements.txt (line 1))
  Using cached annotated_doc-0.0.4-py3-none-any.whl.metadata (6.6 kB)
Collecting anyio<5,>=3.6.2 (from starlette<0.51.0,>=0.40.0->fastapi>=0.104.1->-r requirements.txt (line 1))
  Using cached anyio-4.12.1-py3-none-any.whl.metadata (4.3 kB)
Collecting idna>=2.8 (from anyio<5,>=3.6.2->starlette<0.51.0,>=0.40.0->fastapi>=0.104.1->-r requirements.txt (line 1))
  Using cached idna-3.11-py3-none-any.whl.metadata (8.4 kB)
Collecting click>=7.0 (from uvicorn>=0.24.0->-r requirements.txt (line 2))
  Using cached click-8.3.1-py3-none-any.whl.metadata (2.6 kB)
Collecting h11>=0.8 (from uvicorn>=0.24.0->-r requirements.txt (line 2))
  Using cached h11-0.16.0-py3-none-any.whl.metadata (8.3 kB)
Collecting greenlet>=1 (from sqlalchemy>=2.0.23->-r requirements.txt (line 3))
  Using cached greenlet-3.3.1-cp313-cp313-win_amd64.whl.metadata (3.8 kB)
Collecting annotated-types>=0.6.0 (from pydantic>=2.5.0->-r requirements.txt (line 5))
  Using cached annotated_types-0.7.0-py3-none-any.whl.metadata (15 kB)
Collecting pydantic-core==2.41.5 (from pydantic>=2.5.0->-r requirements.txt (line 5))
  Using cached pydantic_core-2.41.5-cp313-cp313-win_amd64.whl.metadata (7.4 kB)
Collecting typing-inspection>=0.4.2 (from pydantic>=2.5.0->-r requirements.txt (line 5))
  Using cached typing_inspection-0.4.2-py3-none-any.whl.metadata (2.6 kB)
Collecting ecdsa!=0.15 (from python-jose>=3.3.0->python-jose[cryptography]>=3.3.0->-r requirements.txt (line 7))
  Using cached ecdsa-0.19.1-py2.py3-none-any.whl.metadata (29 kB)
Collecting rsa!=4.1.1,!=4.4,<5.0,>=4.0 (from python-jose>=3.3.0->python-jose[cryptography]>=3.3.0->-r requirements.txt (line 7))
  Using cached rsa-4.9.1-py3-none-any.whl.metadata (5.6 kB)
Collecting pyasn1>=0.5.0 (from python-jose>=3.3.0->python-jose[cryptography]>=3.3.0->-r requirements.txt (line 7))
  Using cached pyasn1-0.6.2-py3-none-any.whl.metadata (8.4 kB)
Collecting bidict>=0.21.0 (from python-socketio>=5.10.0->-r requirements.txt (line 11))
  Downloading bidict-0.23.1-py3-none-any.whl.metadata (8.7 kB)
Collecting python-engineio>=4.11.0 (from python-socketio>=5.10.0->-r requirements.txt (line 11))
  Downloading python_engineio-4.13.0-py3-none-any.whl.metadata (2.3 kB)
Collecting colorama (from click>=7.0->uvicorn>=0.24.0->-r requirements.txt (line 2))
  Using cached colorama-0.4.6-py2.py3-none-any.whl.metadata (17 kB)
Collecting six>=1.9.0 (from ecdsa!=0.15->python-jose>=3.3.0->python-jose[cryptography]>=3.3.0->-r requirements.txt (line 7))
  Using cached six-1.17.0-py2.py3-none-any.whl.metadata (1.7 kB)
Collecting bcrypt>=3.1.0 (from passlib[bcrypt]>=1.7.4->-r requirements.txt (line 8))
  Using cached bcrypt-5.0.0-cp39-abi3-win_amd64.whl.metadata (10 kB)
Collecting simple-websocket>=0.10.0 (from python-engineio>=4.11.0->python-socketio>=5.10.0->-r requirements.txt (line 11))
  Downloading simple_websocket-1.1.0-py3-none-any.whl.metadata (1.5 kB)
Collecting cryptography>=3.4.0 (from python-jose[cryptography]>=3.3.0->-r requirements.txt (line 7))
  Using cached cryptography-46.0.4-cp311-abi3-win_amd64.whl.metadata (5.7 kB)
Collecting cffi>=2.0.0 (from cryptography>=3.4.0->python-jose[cryptography]>=3.3.0->-r requirements.txt (line 7))
  Using cached cffi-2.0.0-cp313-cp313-win_amd64.whl.metadata (2.6 kB)
Collecting pycparser (from cffi>=2.0.0->cryptography>=3.4.0->python-jose[cryptography]>=3.3.0->-r requirements.txt (line 7))
  Using cached pycparser-3.0-py3-none-any.whl.metadata (8.2 kB)
Collecting wsproto (from simple-websocket>=0.10.0->python-engineio>=4.11.0->python-socketio>=5.10.0->-r requirements.txt (line 11))
  Using cached wsproto-1.3.2-py3-none-any.whl.metadata (5.2 kB)
Using cached fastapi-0.128.0-py3-none-any.whl (103 kB)
Using cached starlette-0.50.0-py3-none-any.whl (74 kB)
Using cached anyio-4.12.1-py3-none-any.whl (113 kB)
Using cached uvicorn-0.40.0-py3-none-any.whl (68 kB)
Using cached sqlalchemy-2.0.46-cp313-cp313-win_amd64.whl (2.1 MB)
Using cached pydantic-2.12.5-py3-none-any.whl (463 kB)
Using cached pydantic_core-2.41.5-cp313-cp313-win_amd64.whl (2.0 MB)
Using cached python_multipart-0.0.22-py3-none-any.whl (24 kB)
Using cached python_jose-3.5.0-py2.py3-none-any.whl (34 kB)
Using cached rsa-4.9.1-py3-none-any.whl (34 kB)
Using cached passlib-1.7.4-py2.py3-none-any.whl (525 kB)
Using cached python_dotenv-1.2.1-py3-none-any.whl (21 kB)
Using cached websockets-16.0-cp313-cp313-win_amd64.whl (178 kB)
Downloading python_socketio-5.16.0-py3-none-any.whl (79 kB)
Using cached annotated_doc-0.0.4-py3-none-any.whl (5.3 kB)
Using cached annotated_types-0.7.0-py3-none-any.whl (13 kB)
Downloading bidict-0.23.1-py3-none-any.whl (32 kB)
Using cached click-8.3.1-py3-none-any.whl (108 kB)
Using cached ecdsa-0.19.1-py2.py3-none-any.whl (150 kB)
Using cached greenlet-3.3.1-cp313-cp313-win_amd64.whl (227 kB)
Using cached h11-0.16.0-py3-none-any.whl (37 kB)
Using cached idna-3.11-py3-none-any.whl (71 kB)
Using cached bcrypt-5.0.0-cp39-abi3-win_amd64.whl (150 kB)
Using cached pyasn1-0.6.2-py3-none-any.whl (83 kB)
Downloading python_engineio-4.13.0-py3-none-any.whl (59 kB)
Using cached cryptography-46.0.4-cp311-abi3-win_amd64.whl (3.5 MB)
Using cached cffi-2.0.0-cp313-cp313-win_amd64.whl (183 kB)
Downloading simple_websocket-1.1.0-py3-none-any.whl (13 kB)
Using cached six-1.17.0-py2.py3-none-any.whl (11 kB)
Using cached typing_extensions-4.15.0-py3-none-any.whl (44 kB)
Using cached typing_inspection-0.4.2-py3-none-any.whl (14 kB)
Using cached colorama-0.4.6-py2.py3-none-any.whl (25 kB)
Using cached pycparser-3.0-py3-none-any.whl (48 kB)
Using cached wsproto-1.3.2-py3-none-any.whl (24 kB)
Installing collected packages: passlib, websockets, typing-extensions, six, python-multipart, python-dotenv, pycparser, pyasn1, idna, h11, greenlet, colorama, bidict, bcrypt, annotated-types, annotated-doc, wsproto, typing-inspection, sqlalchemy, rsa, pydantic-core, ecdsa, click, cffi, anyio, uvicorn, starlette, simple-websocket, python-jose, pydantic, cryptography, python-engineio, fastapi, python-socketio

Successfully installed annotated-doc-0.0.4 annotated-types-0.7.0 anyio-4.12.1 bcrypt-5.0.0 bidict-0.23.1 cffi-2.0.0 click-8.3.1 colorama-0.4.6 cryptography-46.0.4 ecdsa-0.19.1 fastapi-0.128.0 greenlet-3.3.1 h11-0.16.0 idna-3.11 passlib-1.7.4 pyasn1-0.6.2 pycparser-3.0 pydantic-2.12.5 pydantic-core-2.41.5 python-dotenv-1.2.1 python-engineio-4.13.0 python-jose-3.5.0 python-multipart-0.0.22 python-socketio-5.16.0 rsa-4.9.1 simple-websocket-1.1.0 six-1.17.0 sqlalchemy-2.0.46 starlette-0.50.0 typing-extensions-4.15.0 typing-inspection-0.4.2 uvicorn-0.40.0 websockets-16.0 wsproto-1.3.2

[notice] A new release of pip is available: 25.2 -> 26.0
[notice] To update, run: python.exe -m pip install --upgrade pip
