Requirement already satisfied: fastapi>=0.104.1 in c:\users\sreek\onedrive\desktop\iot_project\ecosync\backend\venv\lib\site-packages (from -r requirements.txt (line 1)) (0.128.0)
Requirement already satisfied: uvicorn>=0.24.0 in c:\users\sreek\onedrive\desktop\iot_project\ecosync\backend\venv\lib\site-packages (from -r requirements.txt (line 2)) (0.40.0)
Requirement already satisfied: sqlalchemy>=2.0.23 in c:\users\sreek\onedrive\desktop\iot_project\ecosync\backend\venv\lib\site-packages (from -r requirements.txt (line 3)) (2.0.46)
Requirement already satisfied: psycopg2-binary>=2.9.9 in c:\users\sreek\onedrive\desktop\iot_project\ecosync\backend\venv\lib\site-packages (from -r requirements.txt (line 4)) (2.9.11)
Requirement already satisfied: pydantic>=2.5.0 in c:\users\sreek\onedrive\desktop\iot_project\ecosync\backend\venv\lib\site-packages (from -r requirements.txt (line 5)) (2.12.5)
Requirement already satisfied: python-multipart>=0.0.6 in c:\users\sreek\onedrive\desktop\iot_project\ecosync\backend\venv\lib\site-packages (from -r requirements.txt (line 6)) (0.0.22)
Requirement already satisfied: python-jose>=3.3.0 in c:\users\sreek\onedrive\desktop\iot_project\ecosync\backend\venv\lib\site-packages (from python-jose[cryptography]>=3.3.0->-r requirements.txt (line 7)) (3.5.0)
Requirement already satisfied: passlib>=1.7.4 in c:\users\sreek\onedrive\desktop\iot_project\ecosync\backend\venv\lib\site-packages (from passlib[bcrypt]>=1.7.4->-r requirements.txt (line 8)) (1.7.4)
Requirement already satisfied: python-dotenv>=1.0.0 in c:\users\sreek\onedrive\desktop\iot_project\ecosync\backend\venv\lib\site-packages (from -r requirements.txt (line 9)) (1.2.1)
Requirement already satisfied: websockets>=12.0 in c:\users\sreek\onedrive\desktop\iot_project\ecosync\backend\venv\lib\site-packages (from -r requirements.txt (line 10)) (16.0)
Requirement already satisfied: python-socketio>=5.10.0 in c:\users\sreek\onedrive\desktop\iot_project\ecosync\backend\venv\lib\site-packages (from -r requirements.txt (line 11)) (5.16.0)
Collecting email-validator>=2.1.0 (from -r requirements.txt (line 12))
  Using cached email_validator-2.3.0-py3-none-any.whl.metadata (26 kB)
Requirement already satisfied: starlette<0.51.0,>=0.40.0 in c:\users\sreek\onedrive\desktop\iot_project\ecosync\backend\venv\lib\site-packages (from fastapi>=0.104.1->-r requirements.txt (line 1)) (0.50.0)
Requirement already satisfied: typing-extensions>=4.8.0 in c:\users\sreek\onedrive\desktop\iot_project\ecosync\backend\venv\lib\site-packages (from fastapi>=0.104.1->-r requirements.txt (line 1)) (4.15.0)
Requirement already satisfied: annotated-doc>=0.0.2 in c:\users\sreek\onedrive\desktop\iot_project\ecosync\backend\venv\lib\site-packages (from fastapi>=0.104.1->-r requirements.txt (line 1)) (0.0.4)
Requirement already satisfied: anyio<5,>=3.6.2 in c:\users\sreek\onedrive\desktop\iot_project\ecosync\backend\venv\lib\site-packages (from starlette<0.51.0,>=0.40.0->fastapi>=0.104.1->-r requirements.txt (line 1)) (4.12.1)
Requirement already satisfied: idna>=2.8 in c:\users\sreek\onedrive\desktop\iot_project\ecosync\backend\venv\lib\site-packages (from anyio<5,>=3.6.2->starlette<0.51.0,>=0.40.0->fastapi>=0.104.1->-r requirements.txt (line 1)) (3.11)
Requirement already satisfied: click>=7.0 in c:\users\sreek\onedrive\desktop\iot_project\ecosync\backend\venv\lib\site-packages (from uvicorn>=0.24.0->-r requirements.txt (line 2)) (8.3.1)
Requirement already satisfied: h11>=0.8 in c:\users\sreek\onedrive\desktop\iot_project\ecosync\backend\venv\lib\site-packages (from uvicorn>=0.24.0->-r requirements.txt (line 2)) (0.16.0)
Requirement already satisfied: greenlet>=1 in c:\users\sreek\onedrive\desktop\iot_project\ecosync\backend\venv\lib\site-packages (from sqlalchemy>=2.0.23->-r requirements.txt (line 3)) (3.3.1)
Requirement already satisfied: annotated-types>=0.6.0 in c:\users\sreek\onedrive\desktop\iot_project\ecosync\backend\venv\lib\site-packages (from pydantic>=2.5.0->-r requirements.txt (line 5)) (0.7.0)
Requirement already satisfied: pydantic-core==2.41.5 in c:\users\sreek\onedrive\desktop\iot_project\ecosync\backend\venv\lib\site-packages (from pydantic>=2.5.0->-r requirements.txt (line 5)) (2.41.5)
Requirement already satisfied: typing-inspection>=0.4.2 in c:\users\sreek\onedrive\desktop\iot_project\ecosync\backend\venv\lib\site-packages (from pydantic>=2.5.0->-r requirements.txt (line 5)) (0.4.2)
Requirement already satisfied: ecdsa!=0.15 in c:\users\sreek\onedrive\desktop\iot_project\ecosync\backend\venv\lib\site-packages (from python-jose>=3.3.0->python-jose[cryptography]>=3.3.0->-r requirements.txt (line 7)) (0.19.1)
Requirement already satisfied: rsa!=4.1.1,!=4.4,<5.0,>=4.0 in c:\users\sreek\onedrive\desktop\iot_project\ecosync\backend\venv\lib\site-packages (from python-jose>=3.3.0->python-jose[cryptography]>=3.3.0->-r requirements.txt (line 7)) (4.9.1)
Requirement already satisfied: pyasn1>=0.5.0 in c:\users\sreek\onedrive\desktop\iot_project\ecosync\backend\venv\lib\site-packages (from python-jose>=3.3.0->python-jose[cryptography]>=3.3.0->-r requirements.txt (line 7)) (0.6.2)
Requirement already satisfied: bidict>=0.21.0 in c:\users\sreek\onedrive\desktop\iot_project\ecosync\backend\venv\lib\site-packages (from python-socketio>=5.10.0->-r requirements.txt (line 11)) (0.23.1)
Requirement already satisfied: python-engineio>=4.11.0 in c:\users\sreek\onedrive\desktop\iot_project\ecosync\backend\venv\lib\site-packages (from python-socketio>=5.10.0->-r requirements.txt (line 11)) (4.13.0)
Collecting dnspython>=2.0.0 (from email-validator>=2.1.0->-r requirements.txt (line 12))
  Using cached dnspython-2.8.0-py3-none-any.whl.metadata (5.7 kB)
Requirement already satisfied: colorama in c:\users\sreek\onedrive\desktop\iot_project\ecosync\backend\venv\lib\site-packages (from click>=7.0->uvicorn>=0.24.0->-r requirements.txt (line 2)) (0.4.6)
Requirement already satisfied: six>=1.9.0 in c:\users\sreek\onedrive\desktop\iot_project\ecosync\backend\venv\lib\site-packages (from ecdsa!=0.15->python-jose>=3.3.0->python-jose[cryptography]>=3.3.0->-r requirements.txt (line 7)) (1.17.0)
Requirement already satisfied: bcrypt>=3.1.0 in c:\users\sreek\onedrive\desktop\iot_project\ecosync\backend\venv\lib\site-packages (from passlib[bcrypt]>=1.7.4->-r requirements.txt (line 8)) (5.0.0)
Requirement already satisfied: simple-websocket>=0.10.0 in c:\users\sreek\onedrive\desktop\iot_project\ecosync\backend\venv\lib\site-packages (from python-engineio>=4.11.0->python-socketio>=5.10.0->-r requirements.txt (line 11)) (1.1.0)
Requirement already satisfied: cryptography>=3.4.0 in c:\users\sreek\onedrive\desktop\iot_project\ecosync\backend\venv\lib\site-packages (from python-jose[cryptography]>=3.3.0->-r requirements.txt (line 7)) (46.0.4)
Requirement already satisfied: cffi>=2.0.0 in c:\users\sreek\onedrive\desktop\iot_project\ecosync\backend\venv\lib\site-packages (from cryptography>=3.4.0->python-jose[cryptography]>=3.3.0->-r requirements.txt (line 7)) (2.0.0)
Requirement already satisfied: pycparser in c:\users\sreek\onedrive\desktop\iot_project\ecosync\backend\venv\lib\site-packages (from cffi>=2.0.0->cryptography>=3.4.0->python-jose[cryptography]>=3.3.0->-r requirements.txt (line 7)) (3.0)
Requirement already satisfied: wsproto in c:\users\sreek\onedrive\desktop\iot_project\ecosync\backend\venv\lib\site-packages (from simple-websocket>=0.10.0->python-engineio>=4.11.0->python-socketio>=5.10.0->-r requirements.txt (line 11)) (1.3.2)
Using cached email_validator-2.3.0-py3-none-any.whl (35 kB)
Using cached dnspython-2.8.0-py3-none-any.whl (331 kB)
Installing collected packages: dnspython, email-validator

Successfully installed dnspython-2.8.0 email-validator-2.3.0

[notice] A new release of pip is available: 25.2 -> 26.0
[notice] To update, run: python.exe -m pip install --upgrade pip
